<?xml version="1.0" encoding="UTF-8"?>
<!-- Generated by org.testng.reporters.JUnitReportReporter -->
<testsuite hostname="Luna" failures="0" tests="11" name="PraktikumTest" time="0.008" errors="0" timestamp="2022-07-28T19:39:22 EEST" skipped="0">
  <testcase classname="PraktikumTest" name="shouldReturnTrueForEighteenCharsInCorrectString" time="0.000"/>
  <system-out/>
  <testcase classname="PraktikumTest" name="shouldReturnTrueForThreeCharsInCorrectString" time="0.000"/>
  <system-out/>
  <testcase classname="PraktikumTest" name="shouldReturnFalseStringWithSpaceAtTheBeginning" time="0.000"/>
  <system-out/>
  <testcase classname="PraktikumTest" name="shouldReturnFalseForTwoCharsString" time="0.000"/>
  <system-out/>
  <testcase classname="PraktikumTest" name="shouldReturnTrueForFourCharsInCorrectString" time="0.000"/>
  <system-out/>
  <testcase classname="PraktikumTest" name="shouldReturnFalseForEmptyString" time="0.008"/>
  <system-out/>
  <testcase classname="PraktikumTest" name="shouldReturnFalseStringWithSpaceAtTheEnd" time="0.000"/>
  <system-out/>
  <testcase classname="PraktikumTest" name="shouldReturnFalseStringWithTwoSpaceInTheMiddle" time="0.000"/>
  <system-out/>
  <testcase classname="PraktikumTest" name="shouldReturnTrueForNineteenCharsInCorrectString" time="0.000"/>
  <system-out/>
  <testcase classname="PraktikumTest" name="shouldReturnFalseStringWithoutSpace" time="0.000"/>
  <system-out/>
  <testcase classname="PraktikumTest" name="shouldReturnFalseForTwentyCharsInString" time="0.000"/>
  <system-out/>
</testsuite> <!-- PraktikumTest -->
